<?xml version="1.0" encoding="UTF-8"?>
<testng-results skipped="0" failed="0" ignored="0" total="2" passed="2">
  <reporter-output>
  </reporter-output>
  <suite name="Default suite" duration-ms="36921" started-at="2020-04-21T18:53:34 CDT" finished-at="2020-04-21T18:54:11 CDT">
    <groups>
    </groups>
    <test name="Default test" duration-ms="36921" started-at="2020-04-21T18:53:34 CDT" finished-at="2020-04-21T18:54:11 CDT">
      <class name="amazonTest.amazonMain">
        <test-method status="PASS" signature="setup()[pri:0, instance:amazonTest.amazonMain@5d76b067]" name="setup" is-config="true" duration-ms="17789" started-at="2020-04-21T18:53:34 CDT" finished-at="2020-04-21T18:53:52 CDT">
          <reporter-output>
          </reporter-output>
        </test-method> <!-- setup -->
        <test-method status="PASS" signature="search_Product()[pri:1, instance:amazonTest.amazonMain@5d76b067]" name="search_Product" duration-ms="14984" started-at="2020-04-21T18:53:52 CDT" finished-at="2020-04-21T18:54:07 CDT">
          <reporter-output>
          </reporter-output>
        </test-method> <!-- search_Product -->
        <test-method status="PASS" signature="account_Creation()[pri:2, instance:amazonTest.amazonMain@5d76b067]" name="account_Creation" duration-ms="2678" started-at="2020-04-21T18:54:07 CDT" finished-at="2020-04-21T18:54:10 CDT">
          <reporter-output>
          </reporter-output>
        </test-method> <!-- account_Creation -->
        <test-method status="PASS" signature="after_Test()[pri:0, instance:amazonTest.amazonMain@5d76b067]" name="after_Test" is-config="true" duration-ms="1177" started-at="2020-04-21T18:54:10 CDT" finished-at="2020-04-21T18:54:11 CDT">
          <reporter-output>
          </reporter-output>
        </test-method> <!-- after_Test -->
      </class> <!-- amazonTest.amazonMain -->
    </test> <!-- Default test -->
  </suite> <!-- Default suite -->
</testng-results>
